#
# There is insufficient memory for the Java Runtime Environment to continue.
# Native memory allocation (malloc) failed to allocate 505536 bytes for Chunk::new
# Possible reasons:
#   The system is out of physical RAM or swap space
#   In 32 bit mode, the process size limit was hit
# Possible solutions:
#   Reduce memory load on the system
#   Increase physical memory or swap space
#   Check if swap backing store is full
#   Use 64 bit Java on a 64 bit OS
#   Decrease Java heap size (-Xmx/-Xms)
#   Decrease number of Java threads
#   Decrease Java thread stack sizes (-Xss)
#   Set larger code cache with -XX:ReservedCodeCacheSize=
# This output file may be truncated or incomplete.
#
#  Out of Memory Error (allocation.cpp:390), pid=8076, tid=0x00000000000035a8
#
# JRE version: Java(TM) SE Runtime Environment (8.0_121-b13) (build 1.8.0_121-b13)
# Java VM: Java HotSpot(TM) 64-Bit Server VM (25.121-b13 mixed mode windows-amd64 compressed oops)
# Failed to write core dump. Minidumps are not enabled by default on client versions of Windows
#

---------------  T H R E A D  ---------------

Current thread (0x00000000194c3000):  JavaThread "C2 CompilerThread1" daemon [_thread_in_native, id=13736, stack(0x000000001ac20000,0x000000001ad20000)]

Stack: [0x000000001ac20000,0x000000001ad20000]
[error occurred during error reporting (printing stack bounds), id 0xc0000005]

Native frames: (J=compiled Java code, j=interpreted, Vv=VM code, C=native code)


Current CompileTask:
C2:   1387 1187       4       sun.font.TrueTypeFont::initAllNames (177 bytes)


---------------  P R O C E S S  ---------------

Java Threads: ( => current thread )
  0x000000001b59f000 JavaThread "Image Fetcher 0" daemon [_thread_blocked, id=13060, stack(0x000000001d110000,0x000000001d210000)]
  0x000000001b48b000 JavaThread "AWT-EventQueue-0" [_thread_blocked, id=13028, stack(0x000000001c9d0000,0x000000001cad0000)]
  0x000000001b215800 JavaThread "AWT-Windows" daemon [_thread_in_native, id=19096, stack(0x000000001bf80000,0x000000001c080000)]
  0x000000001b211000 JavaThread "AWT-Shutdown" [_thread_blocked, id=19080, stack(0x000000001be80000,0x000000001bf80000)]
  0x000000001b210000 JavaThread "Java2D Disposer" daemon [_thread_blocked, id=104, stack(0x000000001bd80000,0x000000001be80000)]
  0x000000001951d800 JavaThread "Service Thread" daemon [_thread_blocked, id=5716, stack(0x000000001b220000,0x000000001b320000)]
  0x00000000194ec000 JavaThread "C1 CompilerThread2" daemon [_thread_blocked, id=12400, stack(0x000000001ad20000,0x000000001ae20000)]
=>0x00000000194c3000 JavaThread "C2 CompilerThread1" daemon [_thread_in_native, id=13736, stack(0x000000001ac20000,0x000000001ad20000)]
  0x00000000194bf000 JavaThread "C2 CompilerThread0" daemon [_thread_blocked, id=15348, stack(0x000000001ab20000,0x000000001ac20000)]
  0x00000000194bd000 JavaThread "Attach Listener" daemon [_thread_blocked, id=15640, stack(0x000000001aa20000,0x000000001ab20000)]
  0x00000000194bb800 JavaThread "Signal Dispatcher" daemon [_thread_blocked, id=11196, stack(0x000000001a920000,0x000000001aa20000)]
  0x00000000194aa800 JavaThread "Finalizer" daemon [_thread_blocked, id=10404, stack(0x000000001a710000,0x000000001a810000)]
  0x0000000019489000 JavaThread "Reference Handler" daemon [_thread_blocked, id=11820, stack(0x000000001a610000,0x000000001a710000)]
  0x0000000000a1e800 JavaThread "main" [_thread_in_Java, id=8032, stack(0x0000000002200000,0x0000000002300000)]

Other Threads:
  0x0000000019487800 VMThread [stack: 0x000000001a510000,0x000000001a610000] [id=2876]
  0x000000001ae50800 WatcherThread [stack: 0x000000001b320000,0x000000001b420000] [id=1240]

VM state:not at safepoint (normal execution)

VM Mutex/Monitor currently owned by a thread: None

Heap:
 PSYoungGen      total 87040K, used 68276K [0x0000000780980000, 0x0000000786780000, 0x00000007c0000000)
  eden space 78336K, 86% used [0x0000000780980000,0x0000000784bfd008,0x0000000785600000)
  from space 8704K, 2% used [0x0000000785600000,0x0000000785630000,0x0000000785e80000)
  to   space 8192K, 0% used [0x0000000785e80000,0x0000000785e80000,0x0000000786680000)
 ParOldGen       total 131072K, used 13285K [0x0000000701c00000, 0x0000000709c00000, 0x0000000780980000)
  object space 131072K, 10% used [0x0000000701c00000,0x00000007028f9580,0x0000000709c00000)
 Metaspace       used 10892K, capacity 11120K, committed 11392K, reserved 1058816K
  class space    used 1297K, capacity 1386K, committed 1408K, reserved 1048576K

Card table byte_map: [0x0000000011800000,0x0000000011e00000] byte_map_base: 0x000000000dff2000

Marking Bits: (ParMarkBitMap*) 0x0000000073f4b6d0
 Begin Bits: [0x0000000012600000, 0x0000000015590000)
 End Bits:   [0x0000000015590000, 0x0000000018520000)

Polling page: 0x0000000000970000

CodeCache: size=245760Kb used=4375Kb max_used=4397Kb free=241384Kb
 bounds [0x0000000002440000, 0x0000000002890000, 0x0000000011440000]
 total_blobs=1705 nmethods=1237 adapters=380
 compilation: enabled

Compilation events (10 events):
Event: 1.268 Thread 0x00000000194ec000 nmethod 1237 0x000000000287fb50 code [0x000000000287fca0, 0x000000000287fdb0]
Event: 1.271 Thread 0x00000000194ec000 1238       3       sun.util.locale.LocaleUtils::isUpper (18 bytes)
Event: 1.271 Thread 0x00000000194ec000 nmethod 1238 0x0000000002880290 code [0x00000000028803e0, 0x00000000028805b0]
Event: 1.289 Thread 0x00000000194bf000 nmethod 1177 0x0000000002886a90 code [0x0000000002886dc0, 0x000000000288a528]
Event: 1.289 Thread 0x00000000194bf000 1194       4       sun.nio.cs.UTF_8$Encoder::encode (359 bytes)
Event: 1.292 Thread 0x00000000194bf000 nmethod 1194 0x0000000002883750 code [0x00000000028838a0, 0x0000000002883af8]
Event: 1.292 Thread 0x00000000194bf000 1192       4       java.nio.Buffer::nextGetIndex (31 bytes)
Event: 1.293 Thread 0x00000000194bf000 nmethod 1192 0x0000000002883510 code [0x0000000002883640, 0x00000000028836d8]
Event: 1.293 Thread 0x00000000194bf000 1188       4       java.nio.charset.CharsetDecoder::flush (49 bytes)
Event: 1.293 Thread 0x00000000194bf000 nmethod 1188 0x0000000002883250 code [0x0000000002883380, 0x0000000002883438]

GC Heap History (10 events):
Event: 0.998 GC heap before
{Heap before GC invocations=7 (full 0):
 PSYoungGen      total 57344K, used 54661K [0x0000000780980000, 0x0000000784980000, 0x00000007c0000000)
  eden space 49152K, 100% used [0x0000000780980000,0x0000000783980000,0x0000000783980000)
  from space 8192K, 67% used [0x0000000784180000,0x00000007846e1420,0x0000000784980000)
  to   space 8192K, 0% used [0x0000000783980000,0x0000000783980000,0x0000000784180000)
 ParOldGen       total 131072K, used 48K [0x0000000701c00000, 0x0000000709c00000, 0x0000000780980000)
  object space 131072K, 0% used [0x0000000701c00000,0x0000000701c0c000,0x0000000709c00000)
 Metaspace       used 10474K, capacity 10704K, committed 10880K, reserved 1058816K
  class space    used 1261K, capacity 1354K, committed 1408K, reserved 1048576K
Event: 1.004 GC heap after
Heap after GC invocations=7 (full 0):
 PSYoungGen      total 57344K, used 544K [0x0000000780980000, 0x0000000784980000, 0x00000007c0000000)
  eden space 49152K, 0% used [0x0000000780980000,0x0000000780980000,0x0000000783980000)
  from space 8192K, 6% used [0x0000000783980000,0x0000000783a08000,0x0000000784180000)
  to   space 8192K, 0% used [0x0000000784180000,0x0000000784180000,0x0000000784980000)
 ParOldGen       total 131072K, used 11763K [0x0000000701c00000, 0x0000000709c00000, 0x0000000780980000)
  object space 131072K, 8% used [0x0000000701c00000,0x000000070277cca0,0x0000000709c00000)
 Metaspace       used 10474K, capacity 10704K, committed 10880K, reserved 1058816K
  class space    used 1261K, capacity 1354K, committed 1408K, reserved 1048576K
}
Event: 1.093 GC heap before
{Heap before GC invocations=8 (full 0):
 PSYoungGen      total 57344K, used 49696K [0x0000000780980000, 0x0000000784980000, 0x00000007c0000000)
  eden space 49152K, 100% used [0x0000000780980000,0x0000000783980000,0x0000000783980000)
  from space 8192K, 6% used [0x0000000783980000,0x0000000783a08000,0x0000000784180000)
  to   space 8192K, 0% used [0x0000000784180000,0x0000000784180000,0x0000000784980000)
 ParOldGen       total 131072K, used 11763K [0x0000000701c00000, 0x0000000709c00000, 0x0000000780980000)
  object space 131072K, 8% used [0x0000000701c00000,0x000000070277cca0,0x0000000709c00000)
 Metaspace       used 10536K, capacity 10768K, committed 10880K, reserved 1058816K
  class space    used 1262K, capacity 1354K, committed 1408K, reserved 1048576K
Event: 1.095 GC heap after
Heap after GC invocations=8 (full 0):
 PSYoungGen      total 57344K, used 704K [0x0000000780980000, 0x0000000784980000, 0x00000007c0000000)
  eden space 49152K, 0% used [0x0000000780980000,0x0000000780980000,0x0000000783980000)
  from space 8192K, 8% used [0x0000000784180000,0x0000000784230000,0x0000000784980000)
  to   space 8192K, 0% used [0x0000000783980000,0x0000000783980000,0x0000000784180000)
 ParOldGen       total 131072K, used 11787K [0x0000000701c00000, 0x0000000709c00000, 0x0000000780980000)
  object space 131072K, 8% used [0x0000000701c00000,0x0000000702782ca0,0x0000000709c00000)
 Metaspace       used 10536K, capacity 10768K, committed 10880K, reserved 1058816K
  class space    used 1262K, capacity 1354K, committed 1408K, reserved 1048576K
}
Event: 1.154 GC heap before
{Heap before GC invocations=9 (full 0):
 PSYoungGen      total 57344K, used 49856K [0x0000000780980000, 0x0000000784980000, 0x00000007c0000000)
  eden space 49152K, 100% used [0x0000000780980000,0x0000000783980000,0x0000000783980000)
  from space 8192K, 8% used [0x0000000784180000,0x0000000784230000,0x0000000784980000)
  to   space 8192K, 0% used [0x0000000783980000,0x0000000783980000,0x0000000784180000)
 ParOldGen       total 131072K, used 11787K [0x0000000701c00000, 0x0000000709c00000, 0x0000000780980000)
  object space 131072K, 8% used [0x0000000701c00000,0x0000000702782ca0,0x0000000709c00000)
 Metaspace       used 10570K, capacity 10768K, committed 10880K, reserved 1058816K
  class space    used 1262K, capacity 1354K, committed 1408K, reserved 1048576K
Event: 1.155 GC heap after
Heap after GC invocations=9 (full 0):
 PSYoungGen      total 57344K, used 1184K [0x0000000780980000, 0x0000000786680000, 0x00000007c0000000)
  eden space 49152K, 0% used [0x0000000780980000,0x0000000780980000,0x0000000783980000)
  from space 8192K, 14% used [0x0000000783980000,0x0000000783aa8000,0x0000000784180000)
  to   space 8192K, 0% used [0x0000000785e80000,0x0000000785e80000,0x0000000786680000)
 ParOldGen       total 131072K, used 11819K [0x0000000701c00000, 0x0000000709c00000, 0x0000000780980000)
  object space 131072K, 9% used [0x0000000701c00000,0x000000070278aca0,0x0000000709c00000)
 Metaspace       used 10570K, capacity 10768K, committed 10880K, reserved 1058816K
  class space    used 1262K, capacity 1354K, committed 1408K, reserved 1048576K
}
Event: 1.230 GC heap before
{Heap before GC invocations=10 (full 0):
 PSYoungGen      total 57344K, used 50336K [0x0000000780980000, 0x0000000786680000, 0x00000007c0000000)
  eden space 49152K, 100% used [0x0000000780980000,0x0000000783980000,0x0000000783980000)
  from space 8192K, 14% used [0x0000000783980000,0x0000000783aa8000,0x0000000784180000)
  to   space 8192K, 0% used [0x0000000785e80000,0x0000000785e80000,0x0000000786680000)
 ParOldGen       total 131072K, used 11819K [0x0000000701c00000, 0x0000000709c00000, 0x0000000780980000)
  object space 131072K, 9% used [0x0000000701c00000,0x000000070278aca0,0x0000000709c00000)
 Metaspace       used 10597K, capacity 10832K, committed 11136K, reserved 1058816K
  class space    used 1265K, capacity 1354K, committed 1408K, reserved 1048576K
Event: 1.233 GC heap after
Heap after GC invocations=10 (full 0):
 PSYoungGen      total 86528K, used 928K [0x0000000780980000, 0x0000000786780000, 0x00000007c0000000)
  eden space 78336K, 0% used [0x0000000780980000,0x0000000780980000,0x0000000785600000)
  from space 8192K, 11% used [0x0000000785e80000,0x0000000785f68000,0x0000000786680000)
  to   space 8704K, 0% used [0x0000000785600000,0x0000000785600000,0x0000000785e80000)
 ParOldGen       total 131072K, used 12395K [0x0000000701c00000, 0x0000000709c00000, 0x0000000780980000)
  object space 131072K, 9% used [0x0000000701c00000,0x000000070281aca0,0x0000000709c00000)
 Metaspace       used 10597K, capacity 10832K, committed 11136K, reserved 1058816K
  class space    used 1265K, capacity 1354K, committed 1408K, reserved 1048576K
}
Event: 1.335 GC heap before
{Heap before GC invocations=11 (full 0):
 PSYoungGen      total 86528K, used 79264K [0x0000000780980000, 0x0000000786780000, 0x00000007c0000000)
  eden space 78336K, 100% used [0x0000000780980000,0x0000000785600000,0x0000000785600000)
  from space 8192K, 11% used [0x0000000785e80000,0x0000000785f68000,0x0000000786680000)
  to   space 8704K, 0% used [0x0000000785600000,0x0000000785600000,0x0000000785e80000)
 ParOldGen       total 131072K, used 12395K [0x0000000701c00000, 0x0000000709c00000, 0x0000000780980000)
  object space 131072K, 9% used [0x0000000701c00000,0x000000070281aca0,0x0000000709c00000)
 Metaspace       used 10892K, capacity 11120K, committed 11392K, reserved 1058816K
  class space    used 1297K, capacity 1386K, committed 1408K, reserved 1048576K
Event: 1.337 GC heap after
Heap after GC invocations=11 (full 0):
 PSYoungGen      total 87040K, used 192K [0x0000000780980000, 0x0000000786780000, 0x00000007c0000000)
  eden space 78336K, 0% used [0x0000000780980000,0x0000000780980000,0x0000000785600000)
  from space 8704K, 2% used [0x0000000785600000,0x0000000785630000,0x0000000785e80000)
  to   space 8192K, 0% used [0x0000000785e80000,0x0000000785e80000,0x0000000786680000)
 ParOldGen       total 131072K, used 13285K [0x0000000701c00000, 0x0000000709c00000, 0x0000000780980000)
  object space 131072K, 10% used [0x0000000701c00000,0x00000007028f9580,0x0000000709c00000)
 Metaspace       used 10892K, capacity 11120K, committed 11392K, reserved 1058816K
  class space    used 1297K, capacity 1386K, committed 1408K, reserved 1048576K
}

Deoptimization events (10 events):
Event: 1.030 Thread 0x000000001b48b000 Uncommon trap: reason=class_check action=maybe_recompile pc=0x000000000257e910 method=java.lang.String.equals(Ljava/lang/Object;)Z @ 8
Event: 1.030 Thread 0x000000001b48b000 Uncommon trap: reason=class_check action=maybe_recompile pc=0x000000000257e910 method=java.lang.String.equals(Ljava/lang/Object;)Z @ 8
Event: 1.166 Thread 0x000000001b48b000 Uncommon trap: reason=class_check action=maybe_recompile pc=0x00000000026a4c60 method=java.util.HashSet.iterator()Ljava/util/Iterator; @ 4
Event: 1.166 Thread 0x000000001b48b000 Uncommon trap: reason=class_check action=maybe_recompile pc=0x0000000002678a04 method=java.util.HashMap.putVal(ILjava/lang/Object;Ljava/lang/Object;ZZ)Ljava/lang/Object; @ 203
Event: 1.166 Thread 0x000000001b48b000 Uncommon trap: reason=class_check action=maybe_recompile pc=0x0000000002678a04 method=java.util.HashMap.putVal(ILjava/lang/Object;Ljava/lang/Object;ZZ)Ljava/lang/Object; @ 203
Event: 1.166 Thread 0x0000000000a1e800 Uncommon trap: reason=class_check action=maybe_recompile pc=0x0000000002775b38 method=java.util.HashMap.putVal(ILjava/lang/Object;Ljava/lang/Object;ZZ)Ljava/lang/Object; @ 253
Event: 1.166 Thread 0x000000001b48b000 Uncommon trap: reason=class_check action=maybe_recompile pc=0x0000000002775b98 method=java.util.HashMap.putVal(ILjava/lang/Object;Ljava/lang/Object;ZZ)Ljava/lang/Object; @ 203
Event: 1.166 Thread 0x0000000000a1e800 Uncommon trap: reason=class_check action=maybe_recompile pc=0x0000000002775b38 method=java.util.HashMap.putVal(ILjava/lang/Object;Ljava/lang/Object;ZZ)Ljava/lang/Object; @ 253
Event: 1.173 Thread 0x000000001b48b000 Uncommon trap: reason=unstable_if action=reinterpret pc=0x00000000027812f0 method=java.lang.CharacterData.of(I)Ljava/lang/CharacterData; @ 4
Event: 1.184 Thread 0x000000001b48b000 Uncommon trap: reason=unstable_if action=reinterpret pc=0x0000000002815c28 method=java.lang.Character.isSurrogate(C)Z @ 3

Internal exceptions (10 events):
Event: 0.245 Thread 0x0000000000a1e800 Exception <a 'java/security/PrivilegedActionException'> (0x00000007810ce590) thrown at [C:\re\workspace\8-2-build-windows-amd64-cygwin\jdk8u121\8372\hotspot\src\share\vm\prims\jvm.cpp, line 1390]
Event: 0.250 Thread 0x0000000000a1e800 Exception <a 'java/io/FileNotFoundException'> (0x00000007810db340) thrown at [C:\re\workspace\8-2-build-windows-amd64-cygwin\jdk8u121\8372\hotspot\src\share\vm\prims\jni.cpp, line 709]
Event: 0.292 Thread 0x0000000000a1e800 Exception <a 'java/io/FileNotFoundException'> (0x00000007811a0398) thrown at [C:\re\workspace\8-2-build-windows-amd64-cygwin\jdk8u121\8372\hotspot\src\share\vm\prims\jni.cpp, line 709]
Event: 0.340 Thread 0x0000000000a1e800 Implicit null exception at 0x000000000258ea59 to 0x000000000258ee0d
Event: 0.340 Thread 0x0000000000a1e800 Implicit null exception at 0x000000000257c4d9 to 0x000000000257c885
Event: 0.390 Thread 0x000000001b59f000 Exception <a 'java/io/FileNotFoundException'> (0x000000078190d708) thrown at [C:\re\workspace\8-2-build-windows-amd64-cygwin\jdk8u121\8372\hotspot\src\share\vm\prims\jni.cpp, line 709]
Event: 0.964 Thread 0x000000001b48b000 Exception <a 'java/io/FileNotFoundException'> (0x00000007822d2100) thrown at [C:\re\workspace\8-2-build-windows-amd64-cygwin\jdk8u121\8372\hotspot\src\share\vm\prims\jni.cpp, line 709]
Event: 0.977 Thread 0x000000001b48b000 Exception <a 'java/io/FileNotFoundException'> (0x0000000782ad1d10) thrown at [C:\re\workspace\8-2-build-windows-amd64-cygwin\jdk8u121\8372\hotspot\src\share\vm\prims\jni.cpp, line 709]
Event: 0.997 Thread 0x000000001b48b000 Exception <a 'java/io/FileNotFoundException'> (0x00000007838c34e0) thrown at [C:\re\workspace\8-2-build-windows-amd64-cygwin\jdk8u121\8372\hotspot\src\share\vm\prims\jni.cpp, line 709]
Event: 1.015 Thread 0x000000001b48b000 Exception <a 'java/io/FileNotFoundException'> (0x0000000781283da0) thrown at [C:\re\workspace\8-2-build-windows-amd64-cygwin\jdk8u121\8372\hotspot\src\share\vm\prims\jni.cpp, line 709]

Events (10 events):
Event: 1.278 loading class java/awt/Toolkit$ToolkitEventMulticaster
Event: 1.278 loading class java/awt/Toolkit$ToolkitEventMulticaster done
Event: 1.278 loading class java/awt/AWTEvent$2
Event: 1.278 loading class java/awt/AWTEvent$2 done
Event: 1.278 loading class sun/reflect/UnsafeBooleanFieldAccessorImpl
Event: 1.278 loading class sun/reflect/UnsafeBooleanFieldAccessorImpl done
Event: 1.279 loading class java/awt/LightweightDispatcher$2
Event: 1.279 loading class java/awt/LightweightDispatcher$2 done
Event: 1.335 Executing VM operation: ParallelGCFailedAllocation
Event: 1.337 Executing VM operation: ParallelGCFailedAllocation done


Dynamic libraries:
0x00007ff6927d0000 - 0x00007ff692807000 	C:\Program Files\Java\jdk1.8.0_121\bin\java.exe
0x00007ff9ab9e0000 - 0x00007ff9abbc1000 	C:\WINDOWS\SYSTEM32\ntdll.dll
0x00007ff9aaf40000 - 0x00007ff9aaff1000 	C:\WINDOWS\System32\KERNEL32.DLL
0x00007ff9a8b90000 - 0x00007ff9a8e03000 	C:\WINDOWS\System32\KERNELBASE.dll
0x00007ff9a8f00000 - 0x00007ff9a8fa1000 	C:\WINDOWS\System32\ADVAPI32.dll
0x00007ff9aac00000 - 0x00007ff9aac9e000 	C:\WINDOWS\System32\msvcrt.dll
0x00007ff9ab350000 - 0x00007ff9ab3ab000 	C:\WINDOWS\System32\sechost.dll
0x00007ff9aad70000 - 0x00007ff9aae94000 	C:\WINDOWS\System32\RPCRT4.dll
0x00007ff9ab1c0000 - 0x00007ff9ab350000 	C:\WINDOWS\System32\USER32.dll
0x00007ff9a8850000 - 0x00007ff9a8870000 	C:\WINDOWS\System32\win32u.dll
0x00007ff9ab650000 - 0x00007ff9ab678000 	C:\WINDOWS\System32\GDI32.dll
0x00007ff9a8660000 - 0x00007ff9a87f1000 	C:\WINDOWS\System32\gdi32full.dll
0x00007ff9a85c0000 - 0x00007ff9a865f000 	C:\WINDOWS\System32\msvcp_win.dll
0x00007ff9a7db0000 - 0x00007ff9a7ea8000 	C:\WINDOWS\System32\ucrtbase.dll
0x00007ff99afa0000 - 0x00007ff99b209000 	C:\WINDOWS\WinSxS\amd64_microsoft.windows.common-controls_6595b64144ccf1df_6.0.17134.829_none_fb46a5473061b9d5\COMCTL32.dll
0x00007ff9ab680000 - 0x00007ff9ab9a2000 	C:\WINDOWS\System32\combase.dll
0x00007ff9a8870000 - 0x00007ff9a88ea000 	C:\WINDOWS\System32\bcryptPrimitives.dll
0x00007ff9a95e0000 - 0x00007ff9a960d000 	C:\WINDOWS\System32\IMM32.DLL
0x0000000074f40000 - 0x0000000075012000 	C:\Program Files\Java\jdk1.8.0_121\jre\bin\msvcr100.dll
0x0000000073730000 - 0x0000000073fcb000 	C:\Program Files\Java\jdk1.8.0_121\jre\bin\server\jvm.dll
0x00007ff9ab480000 - 0x00007ff9ab488000 	C:\WINDOWS\System32\PSAPI.DLL
0x00007ff9a68f0000 - 0x00007ff9a68f9000 	C:\WINDOWS\SYSTEM32\WSOCK32.dll
0x00007ff9a35c0000 - 0x00007ff9a35e3000 	C:\WINDOWS\SYSTEM32\WINMM.dll
0x00007ff9ab0f0000 - 0x00007ff9ab15c000 	C:\WINDOWS\System32\WS2_32.dll
0x00007ff9a2f60000 - 0x00007ff9a2f8a000 	C:\WINDOWS\SYSTEM32\winmmbase.dll
0x00007ff9a8800000 - 0x00007ff9a8849000 	C:\WINDOWS\System32\cfgmgr32.dll
0x00007ff9a35b0000 - 0x00007ff9a35ba000 	C:\WINDOWS\SYSTEM32\VERSION.dll
0x0000000077260000 - 0x000000007726f000 	C:\Program Files\Java\jdk1.8.0_121\jre\bin\verify.dll
0x00000000768d0000 - 0x00000000768f9000 	C:\Program Files\Java\jdk1.8.0_121\jre\bin\java.dll
0x0000000074ee0000 - 0x0000000074ef6000 	C:\Program Files\Java\jdk1.8.0_121\jre\bin\zip.dll
0x00007ff9a97b0000 - 0x00007ff9aabf0000 	C:\WINDOWS\System32\SHELL32.dll
0x00007ff9ab3d0000 - 0x00007ff9ab479000 	C:\WINDOWS\System32\shcore.dll
0x00007ff9a7eb0000 - 0x00007ff9a85bd000 	C:\WINDOWS\System32\windows.storage.dll
0x00007ff9ab490000 - 0x00007ff9ab4e1000 	C:\WINDOWS\System32\shlwapi.dll
0x00007ff9a7d90000 - 0x00007ff9a7da1000 	C:\WINDOWS\System32\kernel.appcore.dll
0x00007ff9a7d40000 - 0x00007ff9a7d5f000 	C:\WINDOWS\System32\profapi.dll
0x00007ff9a7cf0000 - 0x00007ff9a7d3c000 	C:\WINDOWS\System32\powrprof.dll
0x00007ff9a7d80000 - 0x00007ff9a7d8a000 	C:\WINDOWS\System32\FLTLIB.DLL
0x0000000074d00000 - 0x0000000074e98000 	C:\Program Files\Java\jdk1.8.0_121\jre\bin\awt.dll
0x00007ff9aaca0000 - 0x00007ff9aad62000 	C:\WINDOWS\System32\OLEAUT32.dll
0x00007ff9a5a90000 - 0x00007ff9a5b1b000 	C:\WINDOWS\SYSTEM32\apphelp.dll
0x00007ff9a6000000 - 0x00007ff9a6098000 	C:\WINDOWS\system32\uxtheme.dll
0x00007ff9a8fb0000 - 0x00007ff9a9123000 	C:\WINDOWS\System32\MSCTF.dll
0x00007ff9a60d0000 - 0x00007ff9a60f9000 	C:\WINDOWS\system32\dwmapi.dll
0x00007ff9ab4f0000 - 0x00007ff9ab641000 	C:\WINDOWS\System32\ole32.dll
0x00007ff99de60000 - 0x00007ff99df80000 	C:\WINDOWS\system32\opengl32.dll
0x00007ff99f8d0000 - 0x00007ff99f8fc000 	C:\WINDOWS\SYSTEM32\GLU32.dll
0x0000000074cb0000 - 0x0000000074cf7000 	C:\Program Files\Java\jdk1.8.0_121\jre\bin\fontmanager.dll
0x00007ff9a27e0000 - 0x00007ff9a2876000 	C:\WINDOWS\System32\TextInputFramework.dll
0x00007ff9a5630000 - 0x00007ff9a570a000 	C:\WINDOWS\System32\CoreMessaging.dll
0x00007ff9a1520000 - 0x00007ff9a183e000 	C:\WINDOWS\System32\CoreUIComponents.dll
0x00007ff9a6df0000 - 0x00007ff9a6e21000 	C:\WINDOWS\SYSTEM32\ntmarta.dll
0x00007ff9a3b30000 - 0x00007ff9a3c7d000 	C:\WINDOWS\SYSTEM32\wintypes.dll
0x0000000076980000 - 0x00000000769aa000 	C:\Program Files\Java\jdk1.8.0_121\jre\bin\dcpr.dll
0x0000000074ec0000 - 0x0000000074eda000 	C:\Program Files\Java\jdk1.8.0_121\jre\bin\net.dll
0x00007ff9a7510000 - 0x00007ff9a7576000 	C:\WINDOWS\system32\mswsock.dll
0x0000000074ea0000 - 0x0000000074eb1000 	C:\Program Files\Java\jdk1.8.0_121\jre\bin\nio.dll
0x0000000074c60000 - 0x0000000074ca2000 	C:\Program Files\Java\jdk1.8.0_121\jre\bin\t2k.dll

VM Arguments:
java_command: com.mycompany.recsystool.Main
java_class_path (initial): D:\netbeans\code\RecSysTool\target\classes;C:\Users\Daniele\.m2\repository\net\sf\jung\jung-algorithms\2.1.1\jung-algorithms-2.1.1.jar;C:\Users\Daniele\.m2\repository\net\sf\jung\jung-api\2.1.1\jung-api-2.1.1.jar;C:\Users\Daniele\.m2\repository\com\google\guava\guava\19.0\guava-19.0.jar;C:\Users\Daniele\.m2\repository\net\sf\jung\jung-graph-impl\2.1.1\jung-graph-impl-2.1.1.jar;C:\Users\Daniele\.m2\repository\net\sf\jung\jung-visualization\2.1.1\jung-visualization-2.1.1.jar;C:\Users\Daniele\.m2\repository\net\sf\jung\jung-io\2.1.1\jung-io-2.1.1.jar;C:\Users\Daniele\.m2\repository\unknown\binary\AbsoluteLayout\SNAPSHOT\AbsoluteLayout-SNAPSHOT.jar
Launcher Type: SUN_STANDARD

Environment Variables:
JAVA_HOME=C:\Program Files\Java\jdk1.8.0_121
PATH=C:\Program Files (x86)\Embarcadero\Studio\20.0\bin;C:\Users\Public\Documents\Embarcadero\Studio\20.0\Bpl;C:\Program Files (x86)\Embarcadero\Studio\20.0\bin64;C:\Users\Public\Documents\Embarcadero\Studio\20.0\Bpl\Win64;C:\Program Files (x86)\Intel\iCLS Client\;C:\Program Files (x86)\Common Files\Intel\Shared Libraries\redist\intel64\compiler;C:\ProgramData\Oracle\Java\javapath;C:\MinGW\bin;C:\Program Files\Intel\iCLS Client\;C:\windows\system32;C:\windows;C:\windows\System32\Wbem;C:\windows\System32\WindowsPowerShell\v1.0\;C:\Program Files (x86)\NVIDIA Corporation\PhysX\Common;C:\WINDOWS\system32;C:\WINDOWS;C:\WINDOWS\System32\Wbem;C:\WINDOWS\System32\WindowsPowerShell\v1.0\;C:\Program Files\MySQL\MySQL Utilities 1.6\;C:\Program Files (x86)\Intel\Intel(R) Management Engine Components\DAL;C:\Program Files\Intel\Intel(R) Management Engine Components\DAL;C:\Program Files (x86)\Intel\Intel(R) Management Engine Components\IPT;C:\Program Files\Intel\Intel(R) Management Engine Components\IPT;C:\WINDOWS\System32\OpenSSH\;C:\Users\Daniele\AppData\Local\Microsoft\WindowsApps;C:\adb;C:\Program Files (x86)\apache-maven-3.5.4\bin;D:\Programmi\tortoiseSVN\bin;C:\Users\Daniele\AppData\Local\Microsoft\WindowsApps;D:\Programmi\sonar-scanner-3.2.0.1227-windows\bin;
USERNAME=Daniele
OS=Windows_NT
PROCESSOR_IDENTIFIER=Intel64 Family 6 Model 142 Stepping 9, GenuineIntel



---------------  S Y S T E M  ---------------

OS: Windows 10.0 , 64 bit Build 17134 (10.0.17134.753)

CPU:total 4 (2 cores per cpu, 2 threads per core) family 6 model 142 stepping 9, cmov, cx8, fxsr, mmx, sse, sse2, sse3, ssse3, sse4.1, sse4.2, popcnt, avx, avx2, aes, clmul, erms, 3dnowpref, lzcnt, ht, tsc, tscinvbit, bmi1, bmi2, adx

Memory: 4k page, physical 12465284k(3417912k free), swap 16045640k(5268k free)

vm_info: Java HotSpot(TM) 64-Bit Server VM (25.121-b13) for windows-amd64 JRE (1.8.0_121-b13), built on Dec 12 2016 18:21:36 by "java_re" with MS VC++ 10.0 (VS2010)

time: Thu Jul 04 00:38:50 2019
elapsed time: 1 seconds (0d 0h 0m 1s)

